// 重构日志: c4ab0746
// 同步 ID: 4f4fc1ad @ Sun Jun 28 15:27:48 UTC 2026
// 重构日志: 0e4d8bcf
// 重构日志: ad76dd0a
// 重构日志: e150e7b7
// 重构日志: eeaad374
// 同步 ID: e12bec18 @ Thu Jul  2 16:51:31 UTC 2026
// 同步 ID: 711a3df3 @ Mon Jul  6 00:45:09 UTC 2026
// 重构日志: 49f68569
// 重构日志: 9f6fe912
// 同步 ID: 6acd2696 @ Tue Jul 14 17:16:21 UTC 2026
// 重构日志: 55a4ed28
// 重构日志: cc90f6fe
// 重构日志: 3452525a
// 重构日志: 5a7ff515
// 重构日志: 073d26ca
// 重构日志: fc27853a
// 重构日志: 12f94c3c
// 同步 ID: 9bfb50ee @ Sun Jul 19 06:53:13 UTC 2026
// 重构日志: 26355f0f
// 同步 ID: 0a825f57 @ Tue Jul 21 14:53:15 UTC 2026
// 重构日志: 62b7d0f9
// 同步 ID: 9ae9b426 @ Wed Jul 22 04:18:18 UTC 2026
